[2022-11-16T15:54:56.194-0300] {taskinstance.py:1165} INFO - Dependencies all met for <TaskInstance: fluxo_simples.save_date backfill__2022-11-16T00:00:00+00:00 [queued]>
[2022-11-16T15:54:56.203-0300] {taskinstance.py:1165} INFO - Dependencies all met for <TaskInstance: fluxo_simples.save_date backfill__2022-11-16T00:00:00+00:00 [queued]>
[2022-11-16T15:54:56.203-0300] {taskinstance.py:1362} INFO - 
--------------------------------------------------------------------------------
[2022-11-16T15:54:56.203-0300] {taskinstance.py:1363} INFO - Starting attempt 1 of 4
[2022-11-16T15:54:56.203-0300] {taskinstance.py:1364} INFO - 
--------------------------------------------------------------------------------
[2022-11-16T15:54:56.221-0300] {taskinstance.py:1383} INFO - Executing <Task(BashOperator): save_date> on 2022-11-16 00:00:00+00:00
[2022-11-16T15:54:56.223-0300] {standard_task_runner.py:55} INFO - Started process 15103 to run task
[2022-11-16T15:54:56.227-0300] {standard_task_runner.py:82} INFO - Running: ['airflow', 'tasks', 'run', 'fluxo_simples', 'save_date', 'backfill__2022-11-16T00:00:00+00:00', '--job-id', '9', '--pool', 'default_pool', '--raw', '--subdir', 'DAGS_FOLDER/first_script.py', '--cfg-path', '/tmp/tmpgog4657w']
[2022-11-16T15:54:56.229-0300] {standard_task_runner.py:83} INFO - Job 9: Subtask save_date
[2022-11-16T15:54:56.281-0300] {task_command.py:376} INFO - Running <TaskInstance: fluxo_simples.save_date backfill__2022-11-16T00:00:00+00:00 [running]> on host PGON_GAR_TI11.princesadoscampos.local
[2022-11-16T15:54:56.334-0300] {taskinstance.py:1590} INFO - Exporting the following env vars:
AIRFLOW_CTX_DAG_OWNER=airflow
AIRFLOW_CTX_DAG_ID=fluxo_simples
AIRFLOW_CTX_TASK_ID=save_date
AIRFLOW_CTX_EXECUTION_DATE=2022-11-16T00:00:00+00:00
AIRFLOW_CTX_TRY_NUMBER=1
AIRFLOW_CTX_DAG_RUN_ID=backfill__2022-11-16T00:00:00+00:00
[2022-11-16T15:54:56.334-0300] {subprocess.py:63} INFO - Tmp dir root location: 
 /tmp
[2022-11-16T15:54:56.335-0300] {subprocess.py:75} INFO - Running command: ['/usr/bin/bash', '-c', 'date > /tmp/date_output.txt']
[2022-11-16T15:54:56.338-0300] {subprocess.py:86} INFO - Output:
[2022-11-16T15:54:56.340-0300] {subprocess.py:97} INFO - Command exited with return code 0
[2022-11-16T15:54:56.361-0300] {taskinstance.py:1401} INFO - Marking task as SUCCESS. dag_id=fluxo_simples, task_id=save_date, execution_date=20221116T000000, start_date=20221116T185456, end_date=20221116T185456
[2022-11-16T15:54:56.400-0300] {local_task_job.py:159} INFO - Task exited with return code 0
[2022-11-16T15:54:56.418-0300] {taskinstance.py:2623} INFO - 0 downstream tasks scheduled from follow-on schedule check
