[2022-11-16T15:22:36.816-0300] {taskinstance.py:1165} INFO - Dependencies all met for <TaskInstance: tutorial.templated manual__2022-11-16T18:22:26.684389+00:00 [queued]>
[2022-11-16T15:22:36.822-0300] {taskinstance.py:1165} INFO - Dependencies all met for <TaskInstance: tutorial.templated manual__2022-11-16T18:22:26.684389+00:00 [queued]>
[2022-11-16T15:22:36.823-0300] {taskinstance.py:1362} INFO - 
--------------------------------------------------------------------------------
[2022-11-16T15:22:36.823-0300] {taskinstance.py:1363} INFO - Starting attempt 1 of 2
[2022-11-16T15:22:36.823-0300] {taskinstance.py:1364} INFO - 
--------------------------------------------------------------------------------
[2022-11-16T15:22:36.836-0300] {taskinstance.py:1383} INFO - Executing <Task(BashOperator): templated> on 2022-11-16 18:22:26.684389+00:00
[2022-11-16T15:22:36.837-0300] {standard_task_runner.py:55} INFO - Started process 12114 to run task
[2022-11-16T15:22:36.840-0300] {standard_task_runner.py:82} INFO - Running: ['airflow', 'tasks', 'run', 'tutorial', 'templated', 'manual__2022-11-16T18:22:26.684389+00:00', '--job-id', '5', '--raw', '--subdir', '/home/emanuel/.local/share/virtualenvs/apache-airflow-EbdR2nYd/lib/python3.8/site-packages/airflow/example_dags/tutorial.py', '--cfg-path', '/tmp/tmppvbfn672']
[2022-11-16T15:22:36.841-0300] {standard_task_runner.py:83} INFO - Job 5: Subtask templated
[2022-11-16T15:22:36.882-0300] {task_command.py:376} INFO - Running <TaskInstance: tutorial.templated manual__2022-11-16T18:22:26.684389+00:00 [running]> on host PGON_GAR_TI11.princesadoscampos.local
[2022-11-16T15:22:36.933-0300] {taskinstance.py:1590} INFO - Exporting the following env vars:
AIRFLOW_CTX_DAG_EMAIL=airflow@example.com
AIRFLOW_CTX_DAG_OWNER=airflow
AIRFLOW_CTX_DAG_ID=tutorial
AIRFLOW_CTX_TASK_ID=templated
AIRFLOW_CTX_EXECUTION_DATE=2022-11-16T18:22:26.684389+00:00
AIRFLOW_CTX_TRY_NUMBER=1
AIRFLOW_CTX_DAG_RUN_ID=manual__2022-11-16T18:22:26.684389+00:00
[2022-11-16T15:22:36.933-0300] {subprocess.py:63} INFO - Tmp dir root location: 
 /tmp
[2022-11-16T15:22:36.934-0300] {subprocess.py:75} INFO - Running command: ['/usr/bin/bash', '-c', '\n\n    echo "2022-11-16"\n    echo "2022-11-23"\n\n    echo "2022-11-16"\n    echo "2022-11-23"\n\n    echo "2022-11-16"\n    echo "2022-11-23"\n\n    echo "2022-11-16"\n    echo "2022-11-23"\n\n    echo "2022-11-16"\n    echo "2022-11-23"\n']
[2022-11-16T15:22:36.937-0300] {subprocess.py:86} INFO - Output:
[2022-11-16T15:22:36.937-0300] {subprocess.py:93} INFO - 2022-11-16
[2022-11-16T15:22:36.938-0300] {subprocess.py:93} INFO - 2022-11-23
[2022-11-16T15:22:36.938-0300] {subprocess.py:93} INFO - 2022-11-16
[2022-11-16T15:22:36.938-0300] {subprocess.py:93} INFO - 2022-11-23
[2022-11-16T15:22:36.938-0300] {subprocess.py:93} INFO - 2022-11-16
[2022-11-16T15:22:36.938-0300] {subprocess.py:93} INFO - 2022-11-23
[2022-11-16T15:22:36.938-0300] {subprocess.py:93} INFO - 2022-11-16
[2022-11-16T15:22:36.938-0300] {subprocess.py:93} INFO - 2022-11-23
[2022-11-16T15:22:36.938-0300] {subprocess.py:93} INFO - 2022-11-16
[2022-11-16T15:22:36.938-0300] {subprocess.py:93} INFO - 2022-11-23
[2022-11-16T15:22:36.938-0300] {subprocess.py:97} INFO - Command exited with return code 0
[2022-11-16T15:22:36.957-0300] {taskinstance.py:1401} INFO - Marking task as SUCCESS. dag_id=tutorial, task_id=templated, execution_date=20221116T182226, start_date=20221116T182236, end_date=20221116T182236
[2022-11-16T15:22:36.972-0300] {local_task_job.py:159} INFO - Task exited with return code 0
[2022-11-16T15:22:36.985-0300] {taskinstance.py:2623} INFO - 0 downstream tasks scheduled from follow-on schedule check
