[2022-11-16T15:22:29.255-0300] {taskinstance.py:1165} INFO - Dependencies all met for <TaskInstance: tutorial.print_date manual__2022-11-16T18:22:26.684389+00:00 [queued]>
[2022-11-16T15:22:29.266-0300] {taskinstance.py:1165} INFO - Dependencies all met for <TaskInstance: tutorial.print_date manual__2022-11-16T18:22:26.684389+00:00 [queued]>
[2022-11-16T15:22:29.267-0300] {taskinstance.py:1362} INFO - 
--------------------------------------------------------------------------------
[2022-11-16T15:22:29.267-0300] {taskinstance.py:1363} INFO - Starting attempt 1 of 2
[2022-11-16T15:22:29.267-0300] {taskinstance.py:1364} INFO - 
--------------------------------------------------------------------------------
[2022-11-16T15:22:29.283-0300] {taskinstance.py:1383} INFO - Executing <Task(BashOperator): print_date> on 2022-11-16 18:22:26.684389+00:00
[2022-11-16T15:22:29.286-0300] {standard_task_runner.py:55} INFO - Started process 12104 to run task
[2022-11-16T15:22:29.290-0300] {standard_task_runner.py:82} INFO - Running: ['airflow', 'tasks', 'run', 'tutorial', 'print_date', 'manual__2022-11-16T18:22:26.684389+00:00', '--job-id', '3', '--raw', '--subdir', '/home/emanuel/.local/share/virtualenvs/apache-airflow-EbdR2nYd/lib/python3.8/site-packages/airflow/example_dags/tutorial.py', '--cfg-path', '/tmp/tmpwn8irhzc']
[2022-11-16T15:22:29.292-0300] {standard_task_runner.py:83} INFO - Job 3: Subtask print_date
[2022-11-16T15:22:29.366-0300] {task_command.py:376} INFO - Running <TaskInstance: tutorial.print_date manual__2022-11-16T18:22:26.684389+00:00 [running]> on host PGON_GAR_TI11.princesadoscampos.local
[2022-11-16T15:22:29.461-0300] {taskinstance.py:1590} INFO - Exporting the following env vars:
AIRFLOW_CTX_DAG_EMAIL=airflow@example.com
AIRFLOW_CTX_DAG_OWNER=airflow
AIRFLOW_CTX_DAG_ID=tutorial
AIRFLOW_CTX_TASK_ID=print_date
AIRFLOW_CTX_EXECUTION_DATE=2022-11-16T18:22:26.684389+00:00
AIRFLOW_CTX_TRY_NUMBER=1
AIRFLOW_CTX_DAG_RUN_ID=manual__2022-11-16T18:22:26.684389+00:00
[2022-11-16T15:22:29.462-0300] {subprocess.py:63} INFO - Tmp dir root location: 
 /tmp
[2022-11-16T15:22:29.463-0300] {subprocess.py:75} INFO - Running command: ['/usr/bin/bash', '-c', 'date']
[2022-11-16T15:22:29.467-0300] {subprocess.py:86} INFO - Output:
[2022-11-16T15:22:29.473-0300] {subprocess.py:93} INFO - Wed Nov 16 15:22:29 -03 2022
[2022-11-16T15:22:29.473-0300] {subprocess.py:97} INFO - Command exited with return code 0
[2022-11-16T15:22:29.489-0300] {taskinstance.py:1401} INFO - Marking task as SUCCESS. dag_id=tutorial, task_id=print_date, execution_date=20221116T182226, start_date=20221116T182229, end_date=20221116T182229
[2022-11-16T15:22:29.508-0300] {local_task_job.py:159} INFO - Task exited with return code 0
[2022-11-16T15:22:29.529-0300] {dagrun.py:683} ERROR - Failed to get task for ti <TaskInstance: tutorial.test manual__2022-11-16T18:22:26.684389+00:00 [None]>. Marking it as removed.
[2022-11-16T15:22:29.533-0300] {taskinstance.py:2623} INFO - 2 downstream tasks scheduled from follow-on schedule check
