[2022-11-16T15:56:59.639-0300] {taskinstance.py:1165} INFO - Dependencies all met for <TaskInstance: fluxo_simples.sleep manual__2022-11-16T18:56:53.823627+00:00 [queued]>
[2022-11-16T15:56:59.655-0300] {taskinstance.py:1165} INFO - Dependencies all met for <TaskInstance: fluxo_simples.sleep manual__2022-11-16T18:56:53.823627+00:00 [queued]>
[2022-11-16T15:56:59.656-0300] {taskinstance.py:1362} INFO - 
--------------------------------------------------------------------------------
[2022-11-16T15:56:59.656-0300] {taskinstance.py:1363} INFO - Starting attempt 1 of 4
[2022-11-16T15:56:59.656-0300] {taskinstance.py:1364} INFO - 
--------------------------------------------------------------------------------
[2022-11-16T15:56:59.690-0300] {taskinstance.py:1383} INFO - Executing <Task(BashOperator): sleep> on 2022-11-16 18:56:53.823627+00:00
[2022-11-16T15:56:59.694-0300] {standard_task_runner.py:55} INFO - Started process 15224 to run task
[2022-11-16T15:56:59.706-0300] {standard_task_runner.py:82} INFO - Running: ['airflow', 'tasks', 'run', 'fluxo_simples', 'sleep', 'manual__2022-11-16T18:56:53.823627+00:00', '--job-id', '11', '--raw', '--subdir', 'DAGS_FOLDER/first_script.py', '--cfg-path', '/tmp/tmp4skl77q3']
[2022-11-16T15:56:59.707-0300] {standard_task_runner.py:83} INFO - Job 11: Subtask sleep
[2022-11-16T15:56:59.794-0300] {task_command.py:376} INFO - Running <TaskInstance: fluxo_simples.sleep manual__2022-11-16T18:56:53.823627+00:00 [running]> on host PGON_GAR_TI11.princesadoscampos.local
[2022-11-16T15:56:59.871-0300] {taskinstance.py:1590} INFO - Exporting the following env vars:
AIRFLOW_CTX_DAG_OWNER=airflow
AIRFLOW_CTX_DAG_ID=fluxo_simples
AIRFLOW_CTX_TASK_ID=sleep
AIRFLOW_CTX_EXECUTION_DATE=2022-11-16T18:56:53.823627+00:00
AIRFLOW_CTX_TRY_NUMBER=1
AIRFLOW_CTX_DAG_RUN_ID=manual__2022-11-16T18:56:53.823627+00:00
[2022-11-16T15:56:59.872-0300] {subprocess.py:63} INFO - Tmp dir root location: 
 /tmp
[2022-11-16T15:56:59.873-0300] {subprocess.py:75} INFO - Running command: ['/usr/bin/bash', '-c', 'sleep 5']
[2022-11-16T15:56:59.876-0300] {subprocess.py:86} INFO - Output:
[2022-11-16T15:57:04.878-0300] {subprocess.py:97} INFO - Command exited with return code 0
[2022-11-16T15:57:04.945-0300] {taskinstance.py:1401} INFO - Marking task as SUCCESS. dag_id=fluxo_simples, task_id=sleep, execution_date=20221116T185653, start_date=20221116T185659, end_date=20221116T185704
[2022-11-16T15:57:04.978-0300] {local_task_job.py:159} INFO - Task exited with return code 0
[2022-11-16T15:57:04.989-0300] {taskinstance.py:2623} INFO - 1 downstream tasks scheduled from follow-on schedule check
