[2022-11-16T15:57:06.466-0300] {taskinstance.py:1165} INFO - Dependencies all met for <TaskInstance: fluxo_simples.save_date manual__2022-11-16T18:56:53.823627+00:00 [queued]>
[2022-11-16T15:57:06.476-0300] {taskinstance.py:1165} INFO - Dependencies all met for <TaskInstance: fluxo_simples.save_date manual__2022-11-16T18:56:53.823627+00:00 [queued]>
[2022-11-16T15:57:06.476-0300] {taskinstance.py:1362} INFO - 
--------------------------------------------------------------------------------
[2022-11-16T15:57:06.476-0300] {taskinstance.py:1363} INFO - Starting attempt 1 of 4
[2022-11-16T15:57:06.476-0300] {taskinstance.py:1364} INFO - 
--------------------------------------------------------------------------------
[2022-11-16T15:57:06.491-0300] {taskinstance.py:1383} INFO - Executing <Task(BashOperator): save_date> on 2022-11-16 18:56:53.823627+00:00
[2022-11-16T15:57:06.493-0300] {standard_task_runner.py:55} INFO - Started process 15229 to run task
[2022-11-16T15:57:06.497-0300] {standard_task_runner.py:82} INFO - Running: ['airflow', 'tasks', 'run', 'fluxo_simples', 'save_date', 'manual__2022-11-16T18:56:53.823627+00:00', '--job-id', '12', '--raw', '--subdir', 'DAGS_FOLDER/first_script.py', '--cfg-path', '/tmp/tmpkdm6uucp']
[2022-11-16T15:57:06.498-0300] {standard_task_runner.py:83} INFO - Job 12: Subtask save_date
[2022-11-16T15:57:06.545-0300] {task_command.py:376} INFO - Running <TaskInstance: fluxo_simples.save_date manual__2022-11-16T18:56:53.823627+00:00 [running]> on host PGON_GAR_TI11.princesadoscampos.local
[2022-11-16T15:57:06.598-0300] {taskinstance.py:1590} INFO - Exporting the following env vars:
AIRFLOW_CTX_DAG_OWNER=airflow
AIRFLOW_CTX_DAG_ID=fluxo_simples
AIRFLOW_CTX_TASK_ID=save_date
AIRFLOW_CTX_EXECUTION_DATE=2022-11-16T18:56:53.823627+00:00
AIRFLOW_CTX_TRY_NUMBER=1
AIRFLOW_CTX_DAG_RUN_ID=manual__2022-11-16T18:56:53.823627+00:00
[2022-11-16T15:57:06.599-0300] {subprocess.py:63} INFO - Tmp dir root location: 
 /tmp
[2022-11-16T15:57:06.600-0300] {subprocess.py:75} INFO - Running command: ['/usr/bin/bash', '-c', 'date > /tmp/date_output.txt']
[2022-11-16T15:57:06.604-0300] {subprocess.py:86} INFO - Output:
[2022-11-16T15:57:06.607-0300] {subprocess.py:97} INFO - Command exited with return code 0
[2022-11-16T15:57:06.626-0300] {taskinstance.py:1401} INFO - Marking task as SUCCESS. dag_id=fluxo_simples, task_id=save_date, execution_date=20221116T185653, start_date=20221116T185706, end_date=20221116T185706
[2022-11-16T15:57:06.669-0300] {local_task_job.py:159} INFO - Task exited with return code 0
[2022-11-16T15:57:06.689-0300] {taskinstance.py:2623} INFO - 0 downstream tasks scheduled from follow-on schedule check
