[2022-11-16T15:22:30.675-0300] {taskinstance.py:1165} INFO - Dependencies all met for <TaskInstance: tutorial.sleep manual__2022-11-16T18:22:26.684389+00:00 [queued]>
[2022-11-16T15:22:30.682-0300] {taskinstance.py:1165} INFO - Dependencies all met for <TaskInstance: tutorial.sleep manual__2022-11-16T18:22:26.684389+00:00 [queued]>
[2022-11-16T15:22:30.682-0300] {taskinstance.py:1362} INFO - 
--------------------------------------------------------------------------------
[2022-11-16T15:22:30.682-0300] {taskinstance.py:1363} INFO - Starting attempt 1 of 4
[2022-11-16T15:22:30.682-0300] {taskinstance.py:1364} INFO - 
--------------------------------------------------------------------------------
[2022-11-16T15:22:30.695-0300] {taskinstance.py:1383} INFO - Executing <Task(BashOperator): sleep> on 2022-11-16 18:22:26.684389+00:00
[2022-11-16T15:22:30.697-0300] {standard_task_runner.py:55} INFO - Started process 12109 to run task
[2022-11-16T15:22:30.699-0300] {standard_task_runner.py:82} INFO - Running: ['airflow', 'tasks', 'run', 'tutorial', 'sleep', 'manual__2022-11-16T18:22:26.684389+00:00', '--job-id', '4', '--raw', '--subdir', '/home/emanuel/.local/share/virtualenvs/apache-airflow-EbdR2nYd/lib/python3.8/site-packages/airflow/example_dags/tutorial.py', '--cfg-path', '/tmp/tmp5cfyg141']
[2022-11-16T15:22:30.700-0300] {standard_task_runner.py:83} INFO - Job 4: Subtask sleep
[2022-11-16T15:22:30.743-0300] {task_command.py:376} INFO - Running <TaskInstance: tutorial.sleep manual__2022-11-16T18:22:26.684389+00:00 [running]> on host PGON_GAR_TI11.princesadoscampos.local
[2022-11-16T15:22:30.795-0300] {taskinstance.py:1590} INFO - Exporting the following env vars:
AIRFLOW_CTX_DAG_EMAIL=airflow@example.com
AIRFLOW_CTX_DAG_OWNER=airflow
AIRFLOW_CTX_DAG_ID=tutorial
AIRFLOW_CTX_TASK_ID=sleep
AIRFLOW_CTX_EXECUTION_DATE=2022-11-16T18:22:26.684389+00:00
AIRFLOW_CTX_TRY_NUMBER=1
AIRFLOW_CTX_DAG_RUN_ID=manual__2022-11-16T18:22:26.684389+00:00
[2022-11-16T15:22:30.795-0300] {subprocess.py:63} INFO - Tmp dir root location: 
 /tmp
[2022-11-16T15:22:30.796-0300] {subprocess.py:75} INFO - Running command: ['/usr/bin/bash', '-c', 'sleep 5']
[2022-11-16T15:22:30.799-0300] {subprocess.py:86} INFO - Output:
[2022-11-16T15:22:35.802-0300] {subprocess.py:97} INFO - Command exited with return code 0
[2022-11-16T15:22:35.827-0300] {taskinstance.py:1401} INFO - Marking task as SUCCESS. dag_id=tutorial, task_id=sleep, execution_date=20221116T182226, start_date=20221116T182230, end_date=20221116T182235
[2022-11-16T15:22:35.870-0300] {local_task_job.py:159} INFO - Task exited with return code 0
[2022-11-16T15:22:35.878-0300] {taskinstance.py:2623} INFO - 0 downstream tasks scheduled from follow-on schedule check
