[2022-11-16T15:56:57.784-0300] {taskinstance.py:1165} INFO - Dependencies all met for <TaskInstance: fluxo_simples.print_date manual__2022-11-16T18:56:53.823627+00:00 [queued]>
[2022-11-16T15:56:57.813-0300] {taskinstance.py:1165} INFO - Dependencies all met for <TaskInstance: fluxo_simples.print_date manual__2022-11-16T18:56:53.823627+00:00 [queued]>
[2022-11-16T15:56:57.816-0300] {taskinstance.py:1362} INFO - 
--------------------------------------------------------------------------------
[2022-11-16T15:56:57.817-0300] {taskinstance.py:1363} INFO - Starting attempt 1 of 1
[2022-11-16T15:56:57.818-0300] {taskinstance.py:1364} INFO - 
--------------------------------------------------------------------------------
[2022-11-16T15:56:57.849-0300] {taskinstance.py:1383} INFO - Executing <Task(BashOperator): print_date> on 2022-11-16 18:56:53.823627+00:00
[2022-11-16T15:56:57.855-0300] {standard_task_runner.py:55} INFO - Started process 15219 to run task
[2022-11-16T15:56:57.860-0300] {standard_task_runner.py:82} INFO - Running: ['airflow', 'tasks', 'run', 'fluxo_simples', 'print_date', 'manual__2022-11-16T18:56:53.823627+00:00', '--job-id', '10', '--raw', '--subdir', 'DAGS_FOLDER/first_script.py', '--cfg-path', '/tmp/tmpz91whke5']
[2022-11-16T15:56:57.861-0300] {standard_task_runner.py:83} INFO - Job 10: Subtask print_date
[2022-11-16T15:56:57.938-0300] {task_command.py:376} INFO - Running <TaskInstance: fluxo_simples.print_date manual__2022-11-16T18:56:53.823627+00:00 [running]> on host PGON_GAR_TI11.princesadoscampos.local
[2022-11-16T15:56:58.009-0300] {taskinstance.py:1590} INFO - Exporting the following env vars:
AIRFLOW_CTX_DAG_OWNER=airflow
AIRFLOW_CTX_DAG_ID=fluxo_simples
AIRFLOW_CTX_TASK_ID=print_date
AIRFLOW_CTX_EXECUTION_DATE=2022-11-16T18:56:53.823627+00:00
AIRFLOW_CTX_TRY_NUMBER=1
AIRFLOW_CTX_DAG_RUN_ID=manual__2022-11-16T18:56:53.823627+00:00
[2022-11-16T15:56:58.009-0300] {subprocess.py:63} INFO - Tmp dir root location: 
 /tmp
[2022-11-16T15:56:58.010-0300] {subprocess.py:75} INFO - Running command: ['/usr/bin/bash', '-c', 'date']
[2022-11-16T15:56:58.017-0300] {subprocess.py:86} INFO - Output:
[2022-11-16T15:56:58.020-0300] {subprocess.py:93} INFO - Wed Nov 16 15:56:58 -03 2022
[2022-11-16T15:56:58.020-0300] {subprocess.py:97} INFO - Command exited with return code 0
[2022-11-16T15:56:58.042-0300] {taskinstance.py:1401} INFO - Marking task as SUCCESS. dag_id=fluxo_simples, task_id=print_date, execution_date=20221116T185653, start_date=20221116T185657, end_date=20221116T185658
[2022-11-16T15:56:58.080-0300] {local_task_job.py:159} INFO - Task exited with return code 0
[2022-11-16T15:56:58.114-0300] {taskinstance.py:2623} INFO - 1 downstream tasks scheduled from follow-on schedule check
